[13-Oct-2016 04:23:45 UTC] PHP Parse error:  syntax error, unexpected ''js/app.js); ?>"></script>' (T_ENCAPSED_AND_WHITESPACE) in /home/ubuntu/workspace/storage/framework/views/82ce4810cc43d475da65137a82f6b956bd019073.php on line 21
[13-Oct-2016 04:23:45 UTC] PHP Stack trace:
[13-Oct-2016 04:23:45 UTC] PHP   1. {main}() /home/ubuntu/workspace/public/index.php:0
[13-Oct-2016 04:23:45 UTC] PHP   2. Illuminate\Foundation\Http\Kernel->handle() /home/ubuntu/workspace/public/index.php:54
[13-Oct-2016 04:23:45 UTC] PHP   3. Illuminate\Foundation\Http\Kernel->sendRequestThroughRouter() /home/ubuntu/workspace/vendor/laravel/framework/src/Illuminate/Foundation/Http/Kernel.php:99
[13-Oct-2016 04:23:45 UTC] PHP   4. Illuminate\Pipeline\Pipeline->then() /home/ubuntu/workspace/vendor/laravel/framework/src/Illuminate/Foundation/Http/Kernel.php:132
[13-Oct-2016 04:23:45 UTC] PHP   5. call_user_func:{/home/ubuntu/workspace/vendor/laravel/framework/src/Illuminate/Pipeline/Pipeline.php:103}() /home/ubuntu/workspace/vendor/laravel/framework/src/Illuminate/Pipeline/Pipeline.php:103
[13-Oct-2016 04:23:45 UTC] PHP   6. Illuminate\Routing\Pipeline->Illuminate\Routing\{closure}() /home/ubuntu/workspace/vendor/laravel/framework/src/Illuminate/Pipeline/Pipeline.php:103
[13-Oct-2016 04:23:45 UTC] PHP   7. call_user_func:{/home/ubuntu/workspace/vendor/laravel/framework/src/Illuminate/Routing/Pipeline.php:32}() /home/ubuntu/workspace/vendor/laravel/framework/src/Illuminate/Routing/Pipeline.php:32
[13-Oct-2016 04:23:45 UTC] PHP   8. Illuminate\Pipeline\Pipeline->Illuminate\Pipeline\{closure}() /home/ubuntu/workspace/vendor/laravel/framework/src/Illuminate/Routing/Pipeline.php:32
[13-Oct-2016 04:23:45 UTC] PHP   9. call_user_func_array:{/home/ubuntu/workspace/vendor/laravel/framework/src/Illuminate/Pipeline/Pipeline.php:136}() /home/ubuntu/workspace/vendor/laravel/framework/src/Illuminate/Pipeline/Pipeline.php:136
[13-Oct-2016 04:23:45 UTC] PHP  10. Illuminate\Foundation\Http\Middleware\CheckForMaintenanceMode->handle() /home/ubuntu/workspace/vendor/laravel/framework/src/Illuminate/Pipeline/Pipeline.php:136
[13-Oct-2016 04:23:45 UTC] PHP  11. Illuminate\Routing\Pipeline->Illuminate\Routing\{closure}() /home/ubuntu/workspace/vendor/laravel/framework/src/Illuminate/Foundation/Http/Middleware/CheckForMaintenanceMode.php:44
[13-Oct-2016 04:23:45 UTC] PHP  12. call_user_func:{/home/ubuntu/workspace/vendor/laravel/framework/src/Illuminate/Routing/Pipeline.php:52}() /home/ubuntu/workspace/vendor/laravel/framework/src/Illuminate/Routing/Pipeline.php:52
[13-Oct-2016 04:23:45 UTC] PHP  13. Illuminate\Foundation\Http\Kernel->Illuminate\Foundation\Http\{closure}() /home/ubuntu/workspace/vendor/laravel/framework/src/Illuminate/Routing/Pipeline.php:52
[13-Oct-2016 04:23:45 UTC] PHP  14. Illuminate\Routing\Router->dispatch() /home/ubuntu/workspace/vendor/laravel/framework/src/Illuminate/Foundation/Http/Kernel.php:246
[13-Oct-2016 04:23:45 UTC] PHP  15. Illuminate\Routing\Router->dispatchToRoute() /home/ubuntu/workspace/vendor/laravel/framework/src/Illuminate/Routing/Router.php:675
[13-Oct-2016 04:23:45 UTC] PHP  16. Illuminate\Routing\Router->runRouteWithinStack() /home/ubuntu/workspace/vendor/laravel/framework/src/Illuminate/Routing/Router.php:699
[13-Oct-2016 04:23:45 UTC] PHP  17. Illuminate\Pipeline\Pipeline->then() /home/ubuntu/workspace/vendor/laravel/framework/src/Illuminate/Routing/Router.php:726
[13-Oct-2016 04:23:45 UTC] PHP  18. call_user_func:{/home/ubuntu/workspace/vendor/laravel/framework/src/Illuminate/Pipeline/Pipeline.php:103}() /home/ubuntu/workspace/vendor/laravel/framework/src/Illuminate/Pipeline/Pipeline.php:103
[13-Oct-2016 04:23:45 UTC] PHP  19. Illuminate\Routing\Pipeline->Illuminate\Routing\{closure}() /home/ubuntu/workspace/vendor/laravel/framework/src/Illuminate/Pipeline/Pipeline.php:103
[13-Oct-2016 04:23:45 UTC] PHP  20. call_user_func:{/home/ubuntu/workspace/vendor/laravel/framework/src/Illuminate/Routing/Pipeline.php:32}() /home/ubuntu/workspace/vendor/laravel/framework/src/Illuminate/Routing/Pipeline.php:32
[13-Oct-2016 04:23:45 UTC] PHP  21. Illuminate\Pipeline\Pipeline->Illuminate\Pipeline\{closure}() /home/ubuntu/workspace/vendor/laravel/framework/src/Illuminate/Routing/Pipeline.php:32
[13-Oct-2016 04:23:45 UTC] PHP  22. call_user_func_array:{/home/ubuntu/workspace/vendor/laravel/framework/src/Illuminate/Pipeline/Pipeline.php:136}() /home/ubuntu/workspace/vendor/laravel/framework/src/Illuminate/Pipeline/Pipeline.php:136
[13-Oct-2016 04:23:45 UTC] PHP  23. Illuminate\Cookie\Middleware\EncryptCookies->handle() /home/ubuntu/workspace/vendor/laravel/framework/src/Illuminate/Pipeline/Pipeline.php:136
[13-Oct-2016 04:23:45 UTC] PHP  24. Illuminate\Routing\Pipeline->Illuminate\Routing\{closure}() /home/ubuntu/workspace/vendor/laravel/framework/src/Illuminate/Cookie/Middleware/EncryptCookies.php:59
[13-Oct-2016 04:23:45 UTC] PHP  25. call_user_func:{/home/ubuntu/workspace/vendor/laravel/framework/src/Illuminate/Routing/Pipeline.php:32}() /home/ubuntu/workspace/vendor/laravel/framework/src/Illuminate/Routing/Pipeline.php:32
[13-Oct-2016 04:23:45 UTC] PHP  26. Illuminate\Pipeline\Pipeline->Illuminate\Pipeline\{closure}() /home/ubuntu/workspace/vendor/laravel/framework/src/Illuminate/Routing/Pipeline.php:32
[13-Oct-2016 04:23:45 UTC] PHP  27. call_user_func_array:{/home/ubuntu/workspace/vendor/laravel/framework/src/Illuminate/Pipeline/Pipeline.php:136}() /home/ubuntu/workspace/vendor/laravel/framework/src/Illuminate/Pipeline/Pipeline.php:136
[13-Oct-2016 04:23:45 UTC] PHP  28. Illuminate\Cookie\Middleware\AddQueuedCookiesToResponse->handle() /home/ubuntu/workspace/vendor/laravel/framework/src/Illuminate/Pipeline/Pipeline.php:136
[13-Oct-2016 04:23:45 UTC] PHP  29. Illuminate\Routing\Pipeline->Illuminate\Routing\{closure}() /home/ubuntu/workspace/vendor/laravel/framework/src/Illuminate/Cookie/Middleware/AddQueuedCookiesToResponse.php:37
[13-Oct-2016 04:23:45 UTC] PHP  30. call_user_func:{/home/ubuntu/workspace/vendor/laravel/framework/src/Illuminate/Routing/Pipeline.php:32}() /home/ubuntu/workspace/vendor/laravel/framework/src/Illuminate/Routing/Pipeline.php:32
[13-Oct-2016 04:23:45 UTC] PHP  31. Illuminate\Pipeline\Pipeline->Illuminate\Pipeline\{closure}() /home/ubuntu/workspace/vendor/laravel/framework/src/Illuminate/Routing/Pipeline.php:32
[13-Oct-2016 04:23:45 UTC] PHP  32. call_user_func_array:{/home/ubuntu/workspace/vendor/laravel/framework/src/Illuminate/Pipeline/Pipeline.php:136}() /home/ubuntu/workspace/vendor/laravel/framework/src/Illuminate/Pipeline/Pipeline.php:136
[13-Oct-2016 04:23:45 UTC] PHP  33. Illuminate\Session\Middleware\StartSession->handle() /home/ubuntu/workspace/vendor/laravel/framework/src/Illuminate/Pipeline/Pipeline.php:136
[13-Oct-2016 04:23:45 UTC] PHP  34. Illuminate\Routing\Pipeline->Illuminate\Routing\{closure}() /home/ubuntu/workspace/vendor/laravel/framework/src/Illuminate/Session/Middleware/StartSession.php:64
[13-Oct-2016 04:23:45 UTC] PHP  35. call_user_func:{/home/ubuntu/workspace/vendor/laravel/framework/src/Illuminate/Routing/Pipeline.php:32}() /home/ubuntu/workspace/vendor/laravel/framework/src/Illuminate/Routing/Pipeline.php:32
[13-Oct-2016 04:23:45 UTC] PHP  36. Illuminate\Pipeline\Pipeline->Illuminate\Pipeline\{closure}() /home/ubuntu/workspace/vendor/laravel/framework/src/Illuminate/Routing/Pipeline.php:32
[13-Oct-2016 04:23:45 UTC] PHP  37. call_user_func_array:{/home/ubuntu/workspace/vendor/laravel/framework/src/Illuminate/Pipeline/Pipeline.php:136}() /home/ubuntu/workspace/vendor/laravel/framework/src/Illuminate/Pipeline/Pipeline.php:136
[13-Oct-2016 04:23:45 UTC] PHP  38. Illuminate\View\Middleware\ShareErrorsFromSession->handle() /home/ubuntu/workspace/vendor/laravel/framework/src/Illuminate/Pipeline/Pipeline.php:136
[13-Oct-2016 04:23:45 UTC] PHP  39. Illuminate\Routing\Pipeline->Illuminate\Routing\{closure}() /home/ubuntu/workspace/vendor/laravel/framework/src/Illuminate/View/Middleware/ShareErrorsFromSession.php:49
[13-Oct-2016 04:23:45 UTC] PHP  40. call_user_func:{/home/ubuntu/workspace/vendor/laravel/framework/src/Illuminate/Routing/Pipeline.php:32}() /home/ubuntu/workspace/vendor/laravel/framework/src/Illuminate/Routing/Pipeline.php:32
[13-Oct-2016 04:23:45 UTC] PHP  41. Illuminate\Pipeline\Pipeline->Illuminate\Pipeline\{closure}() /home/ubuntu/workspace/vendor/laravel/framework/src/Illuminate/Routing/Pipeline.php:32
[13-Oct-2016 04:23:45 UTC] PHP  42. call_user_func_array:{/home/ubuntu/workspace/vendor/laravel/framework/src/Illuminate/Pipeline/Pipeline.php:136}() /home/ubuntu/workspace/vendor/laravel/framework/src/Illuminate/Pipeline/Pipeline.php:136
[13-Oct-2016 04:23:45 UTC] PHP  43. Illuminate\Foundation\Http\Middleware\VerifyCsrfToken->handle() /home/ubuntu/workspace/vendor/laravel/framework/src/Illuminate/Pipeline/Pipeline.php:136
[13-Oct-2016 04:23:45 UTC] PHP  44. Illuminate\Routing\Pipeline->Illuminate\Routing\{closure}() /home/ubuntu/workspace/vendor/laravel/framework/src/Illuminate/Foundation/Http/Middleware/VerifyCsrfToken.php:64
[13-Oct-2016 04:23:45 UTC] PHP  45. call_user_func:{/home/ubuntu/workspace/vendor/laravel/framework/src/Illuminate/Routing/Pipeline.php:52}() /home/ubuntu/workspace/vendor/laravel/framework/src/Illuminate/Routing/Pipeline.php:52
[13-Oct-2016 04:23:45 UTC] PHP  46. Illuminate\Routing\Router->Illuminate\Routing\{closure}() /home/ubuntu/workspace/vendor/laravel/framework/src/Illuminate/Routing/Pipeline.php:52
[13-Oct-2016 04:23:45 UTC] PHP  47. Illuminate\Routing\Router->prepareResponse() /home/ubuntu/workspace/vendor/laravel/framework/src/Illuminate/Routing/Router.php:725
[13-Oct-2016 04:23:45 UTC] PHP  48. Symfony\Component\HttpFoundation\Response->__construct() /home/ubuntu/workspace/vendor/laravel/framework/src/Illuminate/Routing/Router.php:1085
[13-Oct-2016 04:23:45 UTC] PHP  49. Illuminate\Http\Response->setContent() /home/ubuntu/workspace/vendor/symfony/http-foundation/Response.php:201
[13-Oct-2016 04:23:45 UTC] PHP  50. Illuminate\View\View->render() /home/ubuntu/workspace/vendor/laravel/framework/src/Illuminate/Http/Response.php:53
[13-Oct-2016 04:23:45 UTC] PHP  51. Illuminate\View\View->renderContents() /home/ubuntu/workspace/vendor/laravel/framework/src/Illuminate/View/View.php:85
[13-Oct-2016 04:23:45 UTC] PHP  52. Illuminate\View\View->getContents() /home/ubuntu/workspace/vendor/laravel/framework/src/Illuminate/View/View.php:120
[13-Oct-2016 04:23:45 UTC] PHP  53. Illuminate\View\Engines\CompilerEngine->get() /home/ubuntu/workspace/vendor/laravel/framework/src/Illuminate/View/View.php:149
[13-Oct-2016 04:23:45 UTC] PHP  54. Illuminate\View\Engines\PhpEngine->evaluatePath() /home/ubuntu/workspace/vendor/laravel/framework/src/Illuminate/View/Engines/CompilerEngine.php:59
[18-Oct-2016 10:42:43 UTC] PHP Parse error:  syntax error, unexpected ')' in /home/ubuntu/workspace/app/Http/routes.php on line 19
[18-Oct-2016 10:42:43 UTC] PHP Stack trace:
[18-Oct-2016 10:42:43 UTC] PHP   1. {main}() /home/ubuntu/workspace/public/index.php:0
[18-Oct-2016 10:42:43 UTC] PHP   2. Illuminate\Foundation\Http\Kernel->handle() /home/ubuntu/workspace/public/index.php:54
[18-Oct-2016 10:42:43 UTC] PHP   3. Illuminate\Foundation\Http\Kernel->sendRequestThroughRouter() /home/ubuntu/workspace/vendor/laravel/framework/src/Illuminate/Foundation/Http/Kernel.php:99
[18-Oct-2016 10:42:43 UTC] PHP   4. Illuminate\Foundation\Http\Kernel->bootstrap() /home/ubuntu/workspace/vendor/laravel/framework/src/Illuminate/Foundation/Http/Kernel.php:127
[18-Oct-2016 10:42:43 UTC] PHP   5. Illuminate\Foundation\Application->bootstrapWith() /home/ubuntu/workspace/vendor/laravel/framework/src/Illuminate/Foundation/Http/Kernel.php:232
[18-Oct-2016 10:42:43 UTC] PHP   6. Illuminate\Foundation\Bootstrap\BootProviders->bootstrap() /home/ubuntu/workspace/vendor/laravel/framework/src/Illuminate/Foundation/Application.php:203
[18-Oct-2016 10:42:43 UTC] PHP   7. Illuminate\Foundation\Application->boot() /home/ubuntu/workspace/vendor/laravel/framework/src/Illuminate/Foundation/Bootstrap/BootProviders.php:17
[18-Oct-2016 10:42:43 UTC] PHP   8. array_walk() /home/ubuntu/workspace/vendor/laravel/framework/src/Illuminate/Foundation/Application.php:741
[18-Oct-2016 10:42:43 UTC] PHP   9. Illuminate\Foundation\Application->Illuminate\Foundation\{closure}() /home/ubuntu/workspace/vendor/laravel/framework/src/Illuminate/Foundation/Application.php:741
[18-Oct-2016 10:42:43 UTC] PHP  10. Illuminate\Foundation\Application->bootProvider() /home/ubuntu/workspace/vendor/laravel/framework/src/Illuminate/Foundation/Application.php:740
[18-Oct-2016 10:42:43 UTC] PHP  11. Illuminate\Container\Container->call() /home/ubuntu/workspace/vendor/laravel/framework/src/Illuminate/Foundation/Application.php:757
[18-Oct-2016 10:42:43 UTC] PHP  12. call_user_func_array:{/home/ubuntu/workspace/vendor/laravel/framework/src/Illuminate/Container/Container.php:507}() /home/ubuntu/workspace/vendor/laravel/framework/src/Illuminate/Container/Container.php:507
[18-Oct-2016 10:42:43 UTC] PHP  13. App\Providers\RouteServiceProvider->boot() /home/ubuntu/workspace/vendor/laravel/framework/src/Illuminate/Container/Container.php:507
[18-Oct-2016 10:42:43 UTC] PHP  14. Illuminate\Foundation\Support\Providers\RouteServiceProvider->boot() /home/ubuntu/workspace/app/Providers/RouteServiceProvider.php:29
[18-Oct-2016 10:42:43 UTC] PHP  15. Illuminate\Foundation\Support\Providers\RouteServiceProvider->loadRoutes() /home/ubuntu/workspace/vendor/laravel/framework/src/Illuminate/Foundation/Support/Providers/RouteServiceProvider.php:31
[18-Oct-2016 10:42:43 UTC] PHP  16. Illuminate\Container\Container->call() /home/ubuntu/workspace/vendor/laravel/framework/src/Illuminate/Foundation/Support/Providers/RouteServiceProvider.php:72
[18-Oct-2016 10:42:43 UTC] PHP  17. call_user_func_array:{/home/ubuntu/workspace/vendor/laravel/framework/src/Illuminate/Container/Container.php:507}() /home/ubuntu/workspace/vendor/laravel/framework/src/Illuminate/Container/Container.php:507
[18-Oct-2016 10:42:43 UTC] PHP  18. App\Providers\RouteServiceProvider->map() /home/ubuntu/workspace/vendor/laravel/framework/src/Illuminate/Container/Container.php:507
[18-Oct-2016 10:42:43 UTC] PHP  19. App\Providers\RouteServiceProvider->mapWebRoutes() /home/ubuntu/workspace/app/Providers/RouteServiceProvider.php:40
[18-Oct-2016 10:42:43 UTC] PHP  20. Illuminate\Routing\Router->group() /home/ubuntu/workspace/app/Providers/RouteServiceProvider.php:59
[18-Oct-2016 10:42:43 UTC] PHP  21. call_user_func:{/home/ubuntu/workspace/vendor/laravel/framework/src/Illuminate/Routing/Router.php:398}() /home/ubuntu/workspace/vendor/laravel/framework/src/Illuminate/Routing/Router.php:398
[18-Oct-2016 10:42:43 UTC] PHP  22. App\Providers\RouteServiceProvider->App\Providers\{closure}() /home/ubuntu/workspace/vendor/laravel/framework/src/Illuminate/Routing/Router.php:398
[18-Oct-2016 10:49:31 UTC] PHP Parse error:  syntax error, unexpected '->' (T_OBJECT_OPERATOR) in /home/ubuntu/workspace/app/Http/routes.php on line 23
[18-Oct-2016 10:49:31 UTC] PHP Stack trace:
[18-Oct-2016 10:49:31 UTC] PHP   1. {main}() /home/ubuntu/workspace/public/index.php:0
[18-Oct-2016 10:49:31 UTC] PHP   2. Illuminate\Foundation\Http\Kernel->handle() /home/ubuntu/workspace/public/index.php:54
[18-Oct-2016 10:49:31 UTC] PHP   3. Illuminate\Foundation\Http\Kernel->sendRequestThroughRouter() /home/ubuntu/workspace/vendor/laravel/framework/src/Illuminate/Foundation/Http/Kernel.php:99
[18-Oct-2016 10:49:31 UTC] PHP   4. Illuminate\Foundation\Http\Kernel->bootstrap() /home/ubuntu/workspace/vendor/laravel/framework/src/Illuminate/Foundation/Http/Kernel.php:127
[18-Oct-2016 10:49:31 UTC] PHP   5. Illuminate\Foundation\Application->bootstrapWith() /home/ubuntu/workspace/vendor/laravel/framework/src/Illuminate/Foundation/Http/Kernel.php:232
[18-Oct-2016 10:49:31 UTC] PHP   6. Illuminate\Foundation\Bootstrap\BootProviders->bootstrap() /home/ubuntu/workspace/vendor/laravel/framework/src/Illuminate/Foundation/Application.php:203
[18-Oct-2016 10:49:31 UTC] PHP   7. Illuminate\Foundation\Application->boot() /home/ubuntu/workspace/vendor/laravel/framework/src/Illuminate/Foundation/Bootstrap/BootProviders.php:17
[18-Oct-2016 10:49:31 UTC] PHP   8. array_walk() /home/ubuntu/workspace/vendor/laravel/framework/src/Illuminate/Foundation/Application.php:741
[18-Oct-2016 10:49:31 UTC] PHP   9. Illuminate\Foundation\Application->Illuminate\Foundation\{closure}() /home/ubuntu/workspace/vendor/laravel/framework/src/Illuminate/Foundation/Application.php:741
[18-Oct-2016 10:49:31 UTC] PHP  10. Illuminate\Foundation\Application->bootProvider() /home/ubuntu/workspace/vendor/laravel/framework/src/Illuminate/Foundation/Application.php:740
[18-Oct-2016 10:49:31 UTC] PHP  11. Illuminate\Container\Container->call() /home/ubuntu/workspace/vendor/laravel/framework/src/Illuminate/Foundation/Application.php:757
[18-Oct-2016 10:49:31 UTC] PHP  12. call_user_func_array:{/home/ubuntu/workspace/vendor/laravel/framework/src/Illuminate/Container/Container.php:507}() /home/ubuntu/workspace/vendor/laravel/framework/src/Illuminate/Container/Container.php:507
[18-Oct-2016 10:49:31 UTC] PHP  13. App\Providers\RouteServiceProvider->boot() /home/ubuntu/workspace/vendor/laravel/framework/src/Illuminate/Container/Container.php:507
[18-Oct-2016 10:49:31 UTC] PHP  14. Illuminate\Foundation\Support\Providers\RouteServiceProvider->boot() /home/ubuntu/workspace/app/Providers/RouteServiceProvider.php:29
[18-Oct-2016 10:49:31 UTC] PHP  15. Illuminate\Foundation\Support\Providers\RouteServiceProvider->loadRoutes() /home/ubuntu/workspace/vendor/laravel/framework/src/Illuminate/Foundation/Support/Providers/RouteServiceProvider.php:31
[18-Oct-2016 10:49:31 UTC] PHP  16. Illuminate\Container\Container->call() /home/ubuntu/workspace/vendor/laravel/framework/src/Illuminate/Foundation/Support/Providers/RouteServiceProvider.php:72
[18-Oct-2016 10:49:31 UTC] PHP  17. call_user_func_array:{/home/ubuntu/workspace/vendor/laravel/framework/src/Illuminate/Container/Container.php:507}() /home/ubuntu/workspace/vendor/laravel/framework/src/Illuminate/Container/Container.php:507
[18-Oct-2016 10:49:31 UTC] PHP  18. App\Providers\RouteServiceProvider->map() /home/ubuntu/workspace/vendor/laravel/framework/src/Illuminate/Container/Container.php:507
[18-Oct-2016 10:49:31 UTC] PHP  19. App\Providers\RouteServiceProvider->mapWebRoutes() /home/ubuntu/workspace/app/Providers/RouteServiceProvider.php:40
[18-Oct-2016 10:49:31 UTC] PHP  20. Illuminate\Routing\Router->group() /home/ubuntu/workspace/app/Providers/RouteServiceProvider.php:59
[18-Oct-2016 10:49:31 UTC] PHP  21. call_user_func:{/home/ubuntu/workspace/vendor/laravel/framework/src/Illuminate/Routing/Router.php:398}() /home/ubuntu/workspace/vendor/laravel/framework/src/Illuminate/Routing/Router.php:398
[18-Oct-2016 10:49:31 UTC] PHP  22. App\Providers\RouteServiceProvider->App\Providers\{closure}() /home/ubuntu/workspace/vendor/laravel/framework/src/Illuminate/Routing/Router.php:398
[18-Oct-2016 11:39:06 UTC] PHP Parse error:  syntax error, unexpected '$users' (T_VARIABLE) in /home/ubuntu/workspace/app/Http/routes.php on line 23
[18-Oct-2016 11:39:06 UTC] PHP Stack trace:
[18-Oct-2016 11:39:06 UTC] PHP   1. {main}() /home/ubuntu/workspace/public/index.php:0
[18-Oct-2016 11:39:06 UTC] PHP   2. Illuminate\Foundation\Http\Kernel->handle() /home/ubuntu/workspace/public/index.php:54
[18-Oct-2016 11:39:06 UTC] PHP   3. Illuminate\Foundation\Http\Kernel->sendRequestThroughRouter() /home/ubuntu/workspace/vendor/laravel/framework/src/Illuminate/Foundation/Http/Kernel.php:99
[18-Oct-2016 11:39:06 UTC] PHP   4. Illuminate\Foundation\Http\Kernel->bootstrap() /home/ubuntu/workspace/vendor/laravel/framework/src/Illuminate/Foundation/Http/Kernel.php:127
[18-Oct-2016 11:39:06 UTC] PHP   5. Illuminate\Foundation\Application->bootstrapWith() /home/ubuntu/workspace/vendor/laravel/framework/src/Illuminate/Foundation/Http/Kernel.php:232
[18-Oct-2016 11:39:06 UTC] PHP   6. Illuminate\Foundation\Bootstrap\BootProviders->bootstrap() /home/ubuntu/workspace/vendor/laravel/framework/src/Illuminate/Foundation/Application.php:203
[18-Oct-2016 11:39:06 UTC] PHP   7. Illuminate\Foundation\Application->boot() /home/ubuntu/workspace/vendor/laravel/framework/src/Illuminate/Foundation/Bootstrap/BootProviders.php:17
[18-Oct-2016 11:39:06 UTC] PHP   8. array_walk() /home/ubuntu/workspace/vendor/laravel/framework/src/Illuminate/Foundation/Application.php:741
[18-Oct-2016 11:39:06 UTC] PHP   9. Illuminate\Foundation\Application->Illuminate\Foundation\{closure}() /home/ubuntu/workspace/vendor/laravel/framework/src/Illuminate/Foundation/Application.php:741
[18-Oct-2016 11:39:06 UTC] PHP  10. Illuminate\Foundation\Application->bootProvider() /home/ubuntu/workspace/vendor/laravel/framework/src/Illuminate/Foundation/Application.php:740
[18-Oct-2016 11:39:06 UTC] PHP  11. Illuminate\Container\Container->call() /home/ubuntu/workspace/vendor/laravel/framework/src/Illuminate/Foundation/Application.php:757
[18-Oct-2016 11:39:06 UTC] PHP  12. call_user_func_array:{/home/ubuntu/workspace/vendor/laravel/framework/src/Illuminate/Container/Container.php:507}() /home/ubuntu/workspace/vendor/laravel/framework/src/Illuminate/Container/Container.php:507
[18-Oct-2016 11:39:06 UTC] PHP  13. App\Providers\RouteServiceProvider->boot() /home/ubuntu/workspace/vendor/laravel/framework/src/Illuminate/Container/Container.php:507
[18-Oct-2016 11:39:06 UTC] PHP  14. Illuminate\Foundation\Support\Providers\RouteServiceProvider->boot() /home/ubuntu/workspace/app/Providers/RouteServiceProvider.php:29
[18-Oct-2016 11:39:06 UTC] PHP  15. Illuminate\Foundation\Support\Providers\RouteServiceProvider->loadRoutes() /home/ubuntu/workspace/vendor/laravel/framework/src/Illuminate/Foundation/Support/Providers/RouteServiceProvider.php:31
[18-Oct-2016 11:39:06 UTC] PHP  16. Illuminate\Container\Container->call() /home/ubuntu/workspace/vendor/laravel/framework/src/Illuminate/Foundation/Support/Providers/RouteServiceProvider.php:72
[18-Oct-2016 11:39:06 UTC] PHP  17. call_user_func_array:{/home/ubuntu/workspace/vendor/laravel/framework/src/Illuminate/Container/Container.php:507}() /home/ubuntu/workspace/vendor/laravel/framework/src/Illuminate/Container/Container.php:507
[18-Oct-2016 11:39:06 UTC] PHP  18. App\Providers\RouteServiceProvider->map() /home/ubuntu/workspace/vendor/laravel/framework/src/Illuminate/Container/Container.php:507
[18-Oct-2016 11:39:06 UTC] PHP  19. App\Providers\RouteServiceProvider->mapWebRoutes() /home/ubuntu/workspace/app/Providers/RouteServiceProvider.php:40
[18-Oct-2016 11:39:06 UTC] PHP  20. Illuminate\Routing\Router->group() /home/ubuntu/workspace/app/Providers/RouteServiceProvider.php:59
[18-Oct-2016 11:39:06 UTC] PHP  21. call_user_func:{/home/ubuntu/workspace/vendor/laravel/framework/src/Illuminate/Routing/Router.php:398}() /home/ubuntu/workspace/vendor/laravel/framework/src/Illuminate/Routing/Router.php:398
[18-Oct-2016 11:39:06 UTC] PHP  22. App\Providers\RouteServiceProvider->App\Providers\{closure}() /home/ubuntu/workspace/vendor/laravel/framework/src/Illuminate/Routing/Router.php:398
